<?xml version="1.0" encoding="utf-8"?><testsuites><testsuite name="pytest" errors="0" failures="0" skipped="0" tests="4" time="0.055" timestamp="2024-08-05T11:27:20.032947+05:30" hostname="Pavanka01"><testcase classname="Selenium.test_math_operations" name="test_add" time="0.001" /><testcase classname="Selenium.test_math_operations" name="test_subtract" time="0.001" /><testcase classname="Selenium.test_math_operations" name="test_multiply" time="0.001" /><testcase classname="Selenium.test_math_operations" name="test_divide" time="0.002" /></testsuite></testsuites>